2025-07-31 20:59:15 [[32minfo[39m]: Checking blacklist for karma_id: undefined
2025-07-31 20:59:15 [[31merror[39m]: Error creating user: Error: Unable to verify karma blacklist
2025-07-31 21:28:04 [[32minfo[39m]: Checking blacklist for karma_id: undefined
2025-07-31 21:28:04 [[31merror[39m]: Error creating user: Error: Unable to verify karma blacklist
2025-07-31 21:28:07 [[32minfo[39m]: Checking blacklist for karma_id: undefined
2025-07-31 21:28:07 [[31merror[39m]: Error creating user: Error: Unable to verify karma blacklist
2025-07-31 21:35:06 [[31merror[39m]: Error creating user: Error: insert into `users` (`email`, `first_name`, `last_name`) values ('john@example.com', 'John', 'Doe') - Unknown column 'first_name' in 'field list'
2025-07-31 21:47:09 [[32minfo[39m]: User created with ID undefined
2025-07-31 21:48:51 [[31merror[39m]: Error creating user: Error: insert into `users` (`email`, `first_name`, `last_name`) values ('john@example.com', 'John', 'Doe') - Duplicate entry 'john@example.com' for key 'users.users_email_unique'
2025-07-31 21:51:11 [[33mwarn[39m]: User already exists with email: john@example.com
2025-07-31 21:51:11 [[31merror[39m]: Error creating user: Error: User already exists
2025-07-31 21:51:48 [[32minfo[39m]: User created with ID undefined
2025-07-31 21:53:32 [[31merror[39m]: Error creating user: TypeError: Cannot read properties of undefined (reading 'id')
2025-07-31 21:56:17 [[33mwarn[39m]: User already exists with email: john23@example.com
2025-07-31 21:56:17 [[31merror[39m]: Error creating user: Error: User already exists
2025-07-31 21:56:23 [[32minfo[39m]: User created with ID 3149e6de-560a-4a1f-8e61-fbae6fb71223
2025-08-01 14:26:15 [[32minfo[39m]: Created user with ID: 2e27a3ca-3d85-4ac1-b86e-ebe8dc1fb6cf
2025-08-01 14:26:15 [[31merror[39m]: Error creating user: Error: insert into `wallets` (`balance`, `currency`, `id`, `user_id`) values (0, 'NGN', '9225157c-97c9-48b8-938c-780c3a02816b', '2e27a3ca-3d85-4ac1-b86e-ebe8dc1fb6cf') - Data truncated for column 'id' at row 1
2025-08-01 14:31:27 [[32minfo[39m]: User created with ID eb02ca05-ac06-4be0-a902-f9037f8de8f5
2025-08-01 14:31:27 [[32minfo[39m]: Wallet created for user ID eb02ca05-ac06-4be0-a902-f9037f8de8f5
2025-08-01 14:33:42 [[32minfo[39m]: User created with ID 668105f3-165c-4736-8ce5-4a501db17edb
2025-08-01 14:33:42 [[32minfo[39m]: Wallet created for user ID 668105f3-165c-4736-8ce5-4a501db17edb
2025-08-01 14:33:42 [[31merror[39m]: Error creating user: Transaction query already complete, run with DEBUG=knex:tx for more info
2025-08-01 14:35:16 [[33mwarn[39m]: User already exists with email: john2343@example.com
2025-08-01 14:35:16 [[31merror[39m]: Error creating user: User already exists
2025-08-01 14:35:22 [[32minfo[39m]: User and wallet created for john234y3@example.com
2025-08-01 16:13:32 [[32minfo[39m]: Initiating wallet funding
2025-08-01 16:13:32 [[31merror[39m]: Error funding wallet
2025-08-01 16:13:32 [[31merror[39m]: Fund wallet failed
2025-08-01 16:13:32 [[31merror[39m]: Error: Wallet not found
    at Function.<anonymous> (C:\Users\user\Documents\lendsqr\src\services\wallet.service.ts:14:26)
    at Generator.next (<anonymous>)
    at fulfilled (C:\Users\user\Documents\lendsqr\src\services\wallet.service.ts:6:58)
    at processTicksAndRejections (node:internal/process/task_queues:95:5)
2025-08-01 16:16:21 [[32minfo[39m]: User and wallet created for john234y3@example.com
2025-08-01 16:21:41 [[32minfo[39m]: Initiating wallet funding
2025-08-01 16:21:41 [[32minfo[39m]: Wallet funded successfully
2025-08-01 22:32:38 [[32minfo[39m]: Initiating withdrawal
2025-08-01 22:32:38 [[32minfo[39m]: Withdrawal of 5000 for user f57f69bd-4672-4e3d-ad2a-e7037fd91302 successful
2025-08-01 22:33:07 [[32minfo[39m]: Initiating wallet funding
2025-08-01 22:33:07 [[32minfo[39m]: Wallet funded successfully
2025-08-01 22:33:18 [[32minfo[39m]: Initiating withdrawal
2025-08-01 22:33:18 [[32minfo[39m]: Withdrawal of 1000 for user f57f69bd-4672-4e3d-ad2a-e7037fd91302 successful
